<?xml version="1.0" encoding="UTF-8"?>
<!-- Generated by org.testng.reporters.JUnitReportReporter -->
<testsuite skipped="1" hostname="DESKTOP-H3351AI" name="automation.NewTest" tests="4" failures="0" timestamp="2020-02-06T18:55:08 GST" time="14.090" errors="0">
  <testcase name="f" time="13.808" classname="automation.NewTest"/>
  <testcase name="printtext2" time="0.082" classname="automation.NewTest"/>
  <testcase name="login" time="0.200" classname="automation.NewTest"/>
  <testcase name="printtext" classname="automation.NewTest">
    <skipped/>
  </testcase> <!-- printtext -->
</testsuite> <!-- automation.NewTest -->
