<?xml version="1.0" encoding="UTF-8"?>
<!-- Generated by org.testng.reporters.JUnitReportReporter -->
<testsuite skipped="1" hostname="DESKTOP-H3351AI" name="automation.Testngassgn1" tests="4" failures="0" timestamp="2020-02-07T17:33:53 GST" time="1.320" errors="0">
  <testcase name="f" time="0.609" classname="automation.Testngassgn1"/>
  <testcase name="printtext2" time="0.459" classname="automation.Testngassgn1"/>
  <testcase name="m2" time="0.252" classname="automation.Testngassgn1"/>
  <testcase name="printtext11" classname="automation.Testngassgn1">
    <skipped/>
  </testcase> <!-- printtext11 -->
</testsuite> <!-- automation.Testngassgn1 -->
